mode: set
github.com/ironcore-dev/dpservice-go/client/client.go:77.65,79.2 1 1
github.com/ironcore-dev/dpservice-go/client/client.go:81.120,85.16 2 1
github.com/ironcore-dev/dpservice-go/client/client.go:85.16,87.3 1 0
github.com/ironcore-dev/dpservice-go/client/client.go:88.2,93.36 2 1
github.com/ironcore-dev/dpservice-go/client/client.go:93.36,95.3 1 1
github.com/ironcore-dev/dpservice-go/client/client.go:96.2,96.53 1 1
github.com/ironcore-dev/dpservice-go/client/client.go:99.134,101.36 2 1
github.com/ironcore-dev/dpservice-go/client/client.go:101.36,104.3 2 1
github.com/ironcore-dev/dpservice-go/client/client.go:105.2,111.16 2 1
github.com/ironcore-dev/dpservice-go/client/client.go:111.16,113.3 1 0
github.com/ironcore-dev/dpservice-go/client/client.go:114.2,119.36 2 1
github.com/ironcore-dev/dpservice-go/client/client.go:119.36,121.3 1 1
github.com/ironcore-dev/dpservice-go/client/client.go:123.2,124.16 2 1
github.com/ironcore-dev/dpservice-go/client/client.go:124.16,126.3 1 0
github.com/ironcore-dev/dpservice-go/client/client.go:127.2,130.29 3 1
github.com/ironcore-dev/dpservice-go/client/client.go:133.123,137.16 2 1
github.com/ironcore-dev/dpservice-go/client/client.go:137.16,139.3 1 0
github.com/ironcore-dev/dpservice-go/client/client.go:140.2,145.36 2 1
github.com/ironcore-dev/dpservice-go/client/client.go:145.36,147.3 1 1
github.com/ironcore-dev/dpservice-go/client/client.go:148.2,148.29 1 1
github.com/ironcore-dev/dpservice-go/client/client.go:151.136,155.16 2 1
github.com/ironcore-dev/dpservice-go/client/client.go:155.16,157.3 1 0
github.com/ironcore-dev/dpservice-go/client/client.go:159.2,160.47 2 1
github.com/ironcore-dev/dpservice-go/client/client.go:160.47,162.17 2 1
github.com/ironcore-dev/dpservice-go/client/client.go:162.17,164.4 1 0
github.com/ironcore-dev/dpservice-go/client/client.go:165.3,167.24 2 1
github.com/ironcore-dev/dpservice-go/client/client.go:170.2,175.8 1 1
github.com/ironcore-dev/dpservice-go/client/client.go:178.158,187.16 3 1
github.com/ironcore-dev/dpservice-go/client/client.go:187.16,189.3 1 1
github.com/ironcore-dev/dpservice-go/client/client.go:190.2,198.36 2 1
github.com/ironcore-dev/dpservice-go/client/client.go:198.36,200.3 1 1
github.com/ironcore-dev/dpservice-go/client/client.go:201.2,202.16 2 1
github.com/ironcore-dev/dpservice-go/client/client.go:202.16,204.3 1 0
github.com/ironcore-dev/dpservice-go/client/client.go:205.2,206.25 2 1
github.com/ironcore-dev/dpservice-go/client/client.go:209.166,218.16 3 1
github.com/ironcore-dev/dpservice-go/client/client.go:218.16,220.3 1 0
github.com/ironcore-dev/dpservice-go/client/client.go:221.2,227.36 2 1
github.com/ironcore-dev/dpservice-go/client/client.go:227.36,229.3 1 1
github.com/ironcore-dev/dpservice-go/client/client.go:230.2,230.25 1 1
github.com/ironcore-dev/dpservice-go/client/client.go:233.150,237.16 2 1
github.com/ironcore-dev/dpservice-go/client/client.go:237.16,239.3 1 0
github.com/ironcore-dev/dpservice-go/client/client.go:240.2,240.36 1 1
github.com/ironcore-dev/dpservice-go/client/client.go:240.36,244.3 1 0
github.com/ironcore-dev/dpservice-go/client/client.go:246.2,247.50 2 1
github.com/ironcore-dev/dpservice-go/client/client.go:247.50,251.17 4 1
github.com/ironcore-dev/dpservice-go/client/client.go:251.17,253.4 1 0
github.com/ironcore-dev/dpservice-go/client/client.go:254.3,256.26 2 1
github.com/ironcore-dev/dpservice-go/client/client.go:259.2,264.8 1 1
github.com/ironcore-dev/dpservice-go/client/client.go:267.158,272.16 2 1
github.com/ironcore-dev/dpservice-go/client/client.go:272.16,274.3 1 0
github.com/ironcore-dev/dpservice-go/client/client.go:275.2,280.36 2 1
github.com/ironcore-dev/dpservice-go/client/client.go:280.36,282.3 1 1
github.com/ironcore-dev/dpservice-go/client/client.go:283.2,284.25 2 1
github.com/ironcore-dev/dpservice-go/client/client.go:287.159,292.16 2 1
github.com/ironcore-dev/dpservice-go/client/client.go:292.16,294.3 1 0
github.com/ironcore-dev/dpservice-go/client/client.go:295.2,300.31 2 1
github.com/ironcore-dev/dpservice-go/client/client.go:300.31,302.3 1 1
github.com/ironcore-dev/dpservice-go/client/client.go:303.2,303.25 1 1
github.com/ironcore-dev/dpservice-go/client/client.go:306.114,310.16 2 1
github.com/ironcore-dev/dpservice-go/client/client.go:310.16,312.3 1 0
github.com/ironcore-dev/dpservice-go/client/client.go:313.2,313.36 1 1
github.com/ironcore-dev/dpservice-go/client/client.go:313.36,318.3 1 1
github.com/ironcore-dev/dpservice-go/client/client.go:319.2,319.58 1 1
github.com/ironcore-dev/dpservice-go/client/client.go:322.109,324.16 2 1
github.com/ironcore-dev/dpservice-go/client/client.go:324.16,326.3 1 0
github.com/ironcore-dev/dpservice-go/client/client.go:328.2,329.48 2 1
github.com/ironcore-dev/dpservice-go/client/client.go:329.48,331.17 2 1
github.com/ironcore-dev/dpservice-go/client/client.go:331.17,333.4 1 0
github.com/ironcore-dev/dpservice-go/client/client.go:335.3,335.21 1 1
github.com/ironcore-dev/dpservice-go/client/client.go:338.2,342.8 1 1
github.com/ironcore-dev/dpservice-go/client/client.go:345.128,355.27 2 1
github.com/ironcore-dev/dpservice-go/client/client.go:355.27,356.67 1 0
github.com/ironcore-dev/dpservice-go/client/client.go:356.67,358.4 1 0
github.com/ironcore-dev/dpservice-go/client/client.go:361.2,362.16 2 1
github.com/ironcore-dev/dpservice-go/client/client.go:362.16,364.3 1 1
github.com/ironcore-dev/dpservice-go/client/client.go:365.2,370.36 2 1
github.com/ironcore-dev/dpservice-go/client/client.go:370.36,372.3 1 1
github.com/ironcore-dev/dpservice-go/client/client.go:374.2,375.16 2 1
github.com/ironcore-dev/dpservice-go/client/client.go:375.16,377.3 1 0
github.com/ironcore-dev/dpservice-go/client/client.go:378.2,384.26 4 1
github.com/ironcore-dev/dpservice-go/client/client.go:387.117,391.16 2 1
github.com/ironcore-dev/dpservice-go/client/client.go:391.16,393.3 1 0
github.com/ironcore-dev/dpservice-go/client/client.go:394.2,399.36 2 1
github.com/ironcore-dev/dpservice-go/client/client.go:399.36,401.3 1 1
github.com/ironcore-dev/dpservice-go/client/client.go:402.2,402.26 1 1
github.com/ironcore-dev/dpservice-go/client/client.go:405.123,409.16 2 1
github.com/ironcore-dev/dpservice-go/client/client.go:409.16,411.3 1 0
github.com/ironcore-dev/dpservice-go/client/client.go:412.2,412.36 1 1
github.com/ironcore-dev/dpservice-go/client/client.go:412.36,417.3 1 1
github.com/ironcore-dev/dpservice-go/client/client.go:418.2,418.56 1 1
github.com/ironcore-dev/dpservice-go/client/client.go:421.132,426.16 2 1
github.com/ironcore-dev/dpservice-go/client/client.go:426.16,428.3 1 1
github.com/ironcore-dev/dpservice-go/client/client.go:429.2,437.36 2 1
github.com/ironcore-dev/dpservice-go/client/client.go:437.36,439.3 1 1
github.com/ironcore-dev/dpservice-go/client/client.go:440.2,441.16 2 1
github.com/ironcore-dev/dpservice-go/client/client.go:441.16,443.3 1 0
github.com/ironcore-dev/dpservice-go/client/client.go:444.2,445.26 2 1
github.com/ironcore-dev/dpservice-go/client/client.go:448.126,452.16 2 1
github.com/ironcore-dev/dpservice-go/client/client.go:452.16,454.3 1 0
github.com/ironcore-dev/dpservice-go/client/client.go:455.2,460.36 2 1
github.com/ironcore-dev/dpservice-go/client/client.go:460.36,462.3 1 1
github.com/ironcore-dev/dpservice-go/client/client.go:463.2,463.26 1 1
github.com/ironcore-dev/dpservice-go/client/client.go:466.124,470.16 2 1
github.com/ironcore-dev/dpservice-go/client/client.go:470.16,472.3 1 0
github.com/ironcore-dev/dpservice-go/client/client.go:474.2,475.47 2 1
github.com/ironcore-dev/dpservice-go/client/client.go:475.47,477.17 2 1
github.com/ironcore-dev/dpservice-go/client/client.go:477.17,479.4 1 0
github.com/ironcore-dev/dpservice-go/client/client.go:481.3,481.24 1 1
github.com/ironcore-dev/dpservice-go/client/client.go:484.2,489.8 1 1
github.com/ironcore-dev/dpservice-go/client/client.go:492.120,501.16 3 1
github.com/ironcore-dev/dpservice-go/client/client.go:501.16,503.3 1 1
github.com/ironcore-dev/dpservice-go/client/client.go:504.2,511.36 2 1
github.com/ironcore-dev/dpservice-go/client/client.go:511.36,513.3 1 1
github.com/ironcore-dev/dpservice-go/client/client.go:514.2,515.16 2 1
github.com/ironcore-dev/dpservice-go/client/client.go:515.16,517.3 1 0
github.com/ironcore-dev/dpservice-go/client/client.go:518.2,519.23 2 1
github.com/ironcore-dev/dpservice-go/client/client.go:522.142,531.16 3 1
github.com/ironcore-dev/dpservice-go/client/client.go:531.16,533.3 1 0
github.com/ironcore-dev/dpservice-go/client/client.go:534.2,540.36 2 1
github.com/ironcore-dev/dpservice-go/client/client.go:540.36,542.3 1 1
github.com/ironcore-dev/dpservice-go/client/client.go:543.2,543.23 1 1
github.com/ironcore-dev/dpservice-go/client/client.go:546.116,547.30 1 1
github.com/ironcore-dev/dpservice-go/client/client.go:547.30,549.3 1 1
github.com/ironcore-dev/dpservice-go/client/client.go:550.2,552.31 2 1
github.com/ironcore-dev/dpservice-go/client/client.go:552.31,554.3 1 1
github.com/ironcore-dev/dpservice-go/client/client.go:555.2,567.16 2 1
github.com/ironcore-dev/dpservice-go/client/client.go:567.16,569.3 1 1
github.com/ironcore-dev/dpservice-go/client/client.go:570.2,578.36 2 1
github.com/ironcore-dev/dpservice-go/client/client.go:578.36,580.3 1 1
github.com/ironcore-dev/dpservice-go/client/client.go:581.2,582.22 2 1
github.com/ironcore-dev/dpservice-go/client/client.go:585.132,597.16 3 1
github.com/ironcore-dev/dpservice-go/client/client.go:597.16,599.3 1 0
github.com/ironcore-dev/dpservice-go/client/client.go:600.2,609.36 2 1
github.com/ironcore-dev/dpservice-go/client/client.go:609.36,611.3 1 1
github.com/ironcore-dev/dpservice-go/client/client.go:612.2,612.22 1 1
github.com/ironcore-dev/dpservice-go/client/client.go:615.113,619.16 2 1
github.com/ironcore-dev/dpservice-go/client/client.go:619.16,621.3 1 0
github.com/ironcore-dev/dpservice-go/client/client.go:623.2,624.44 2 1
github.com/ironcore-dev/dpservice-go/client/client.go:624.44,626.17 2 1
github.com/ironcore-dev/dpservice-go/client/client.go:626.17,628.4 1 0
github.com/ironcore-dev/dpservice-go/client/client.go:630.3,630.21 1 1
github.com/ironcore-dev/dpservice-go/client/client.go:633.2,638.8 1 1
github.com/ironcore-dev/dpservice-go/client/client.go:641.111,643.16 2 1
github.com/ironcore-dev/dpservice-go/client/client.go:643.16,645.3 1 0
github.com/ironcore-dev/dpservice-go/client/client.go:646.2,646.36 1 1
github.com/ironcore-dev/dpservice-go/client/client.go:646.36,651.3 1 1
github.com/ironcore-dev/dpservice-go/client/client.go:652.2,652.44 1 1
github.com/ironcore-dev/dpservice-go/client/client.go:655.108,662.16 2 1
github.com/ironcore-dev/dpservice-go/client/client.go:662.16,664.3 1 1
github.com/ironcore-dev/dpservice-go/client/client.go:665.2,670.36 2 1
github.com/ironcore-dev/dpservice-go/client/client.go:670.36,672.3 1 1
github.com/ironcore-dev/dpservice-go/client/client.go:674.2,675.16 2 1
github.com/ironcore-dev/dpservice-go/client/client.go:675.16,677.3 1 0
github.com/ironcore-dev/dpservice-go/client/client.go:679.2,681.20 3 1
github.com/ironcore-dev/dpservice-go/client/client.go:684.114,688.16 2 1
github.com/ironcore-dev/dpservice-go/client/client.go:688.16,690.3 1 0
github.com/ironcore-dev/dpservice-go/client/client.go:691.2,696.31 2 1
github.com/ironcore-dev/dpservice-go/client/client.go:696.31,698.3 1 1
github.com/ironcore-dev/dpservice-go/client/client.go:699.2,699.20 1 1
github.com/ironcore-dev/dpservice-go/client/client.go:702.121,704.2 1 1
github.com/ironcore-dev/dpservice-go/client/client.go:706.133,707.36 1 1
github.com/ironcore-dev/dpservice-go/client/client.go:707.36,709.3 1 1
github.com/ironcore-dev/dpservice-go/client/client.go:710.2,717.16 2 1
github.com/ironcore-dev/dpservice-go/client/client.go:717.16,719.3 1 1
github.com/ironcore-dev/dpservice-go/client/client.go:720.2,725.36 2 1
github.com/ironcore-dev/dpservice-go/client/client.go:725.36,727.3 1 1
github.com/ironcore-dev/dpservice-go/client/client.go:728.2,729.21 2 1
github.com/ironcore-dev/dpservice-go/client/client.go:732.132,734.34 2 1
github.com/ironcore-dev/dpservice-go/client/client.go:735.20,736.12 1 1
github.com/ironcore-dev/dpservice-go/client/client.go:737.32,738.12 1 1
github.com/ironcore-dev/dpservice-go/client/client.go:739.22,740.12 1 1
github.com/ironcore-dev/dpservice-go/client/client.go:741.10,742.83 1 0
github.com/ironcore-dev/dpservice-go/client/client.go:745.2,750.15 5 1
github.com/ironcore-dev/dpservice-go/client/client.go:751.9,753.18 2 1
github.com/ironcore-dev/dpservice-go/client/client.go:753.18,755.4 1 0
github.com/ironcore-dev/dpservice-go/client/client.go:756.3,757.18 2 1
github.com/ironcore-dev/dpservice-go/client/client.go:757.18,759.4 1 0
github.com/ironcore-dev/dpservice-go/client/client.go:760.3,761.54 2 1
github.com/ironcore-dev/dpservice-go/client/client.go:762.9,764.17 2 1
github.com/ironcore-dev/dpservice-go/client/client.go:764.17,766.4 1 0
github.com/ironcore-dev/dpservice-go/client/client.go:767.3,768.22 2 1
github.com/ironcore-dev/dpservice-go/client/client.go:769.9,771.17 2 1
github.com/ironcore-dev/dpservice-go/client/client.go:771.17,773.4 1 0
github.com/ironcore-dev/dpservice-go/client/client.go:774.3,775.22 2 1
github.com/ironcore-dev/dpservice-go/client/client.go:778.2,780.38 3 1
github.com/ironcore-dev/dpservice-go/client/client.go:780.38,783.41 2 1
github.com/ironcore-dev/dpservice-go/client/client.go:783.41,785.18 2 1
github.com/ironcore-dev/dpservice-go/client/client.go:785.18,787.5 1 0
github.com/ironcore-dev/dpservice-go/client/client.go:788.4,790.34 3 1
github.com/ironcore-dev/dpservice-go/client/client.go:791.9,791.40 1 1
github.com/ironcore-dev/dpservice-go/client/client.go:791.40,793.18 2 1
github.com/ironcore-dev/dpservice-go/client/client.go:793.18,795.5 1 0
github.com/ironcore-dev/dpservice-go/client/client.go:796.4,797.26 2 1
github.com/ironcore-dev/dpservice-go/client/client.go:799.3,802.16 4 1
github.com/ironcore-dev/dpservice-go/client/client.go:804.2,809.8 1 1
github.com/ironcore-dev/dpservice-go/client/client.go:812.140,819.16 2 1
github.com/ironcore-dev/dpservice-go/client/client.go:819.16,821.3 1 0
github.com/ironcore-dev/dpservice-go/client/client.go:822.2,827.36 2 1
github.com/ironcore-dev/dpservice-go/client/client.go:827.36,829.3 1 1
github.com/ironcore-dev/dpservice-go/client/client.go:830.2,830.18 1 1
github.com/ironcore-dev/dpservice-go/client/client.go:833.124,835.2 1 1
github.com/ironcore-dev/dpservice-go/client/client.go:837.135,841.16 2 1
github.com/ironcore-dev/dpservice-go/client/client.go:841.16,843.3 1 0
github.com/ironcore-dev/dpservice-go/client/client.go:845.2,846.44 2 1
github.com/ironcore-dev/dpservice-go/client/client.go:846.44,848.17 2 1
github.com/ironcore-dev/dpservice-go/client/client.go:848.17,850.4 1 0
github.com/ironcore-dev/dpservice-go/client/client.go:851.3,851.23 1 1
github.com/ironcore-dev/dpservice-go/client/client.go:854.2,859.8 1 1
github.com/ironcore-dev/dpservice-go/client/client.go:862.138,865.53 2 1
github.com/ironcore-dev/dpservice-go/client/client.go:866.30,868.40 2 1
github.com/ironcore-dev/dpservice-go/client/client.go:869.27,871.38 2 0
github.com/ironcore-dev/dpservice-go/client/client.go:872.10,873.100 1 1
github.com/ironcore-dev/dpservice-go/client/client.go:876.2,876.55 1 1
github.com/ironcore-dev/dpservice-go/client/client.go:877.22,879.43 2 1
github.com/ironcore-dev/dpservice-go/client/client.go:880.21,882.42 2 0
github.com/ironcore-dev/dpservice-go/client/client.go:883.10,884.98 1 1
github.com/ironcore-dev/dpservice-go/client/client.go:887.2,887.37 1 1
github.com/ironcore-dev/dpservice-go/client/client.go:887.37,889.3 1 1
github.com/ironcore-dev/dpservice-go/client/client.go:890.2,891.42 2 1
github.com/ironcore-dev/dpservice-go/client/client.go:891.42,893.3 1 1
github.com/ironcore-dev/dpservice-go/client/client.go:894.2,915.16 4 1
github.com/ironcore-dev/dpservice-go/client/client.go:915.16,917.3 1 1
github.com/ironcore-dev/dpservice-go/client/client.go:918.2,923.36 2 1
github.com/ironcore-dev/dpservice-go/client/client.go:923.36,925.3 1 1
github.com/ironcore-dev/dpservice-go/client/client.go:926.2,927.23 2 1
github.com/ironcore-dev/dpservice-go/client/client.go:930.144,935.16 2 1
github.com/ironcore-dev/dpservice-go/client/client.go:935.16,937.3 1 0
github.com/ironcore-dev/dpservice-go/client/client.go:938.2,938.36 1 1
github.com/ironcore-dev/dpservice-go/client/client.go:938.36,945.3 1 1
github.com/ironcore-dev/dpservice-go/client/client.go:947.2,947.55 1 1
github.com/ironcore-dev/dpservice-go/client/client.go:950.147,955.16 2 1
github.com/ironcore-dev/dpservice-go/client/client.go:955.16,957.3 1 0
github.com/ironcore-dev/dpservice-go/client/client.go:958.2,964.36 2 1
github.com/ironcore-dev/dpservice-go/client/client.go:964.36,966.3 1 1
github.com/ironcore-dev/dpservice-go/client/client.go:967.2,967.23 1 1
github.com/ironcore-dev/dpservice-go/client/client.go:970.109,972.16 2 1
github.com/ironcore-dev/dpservice-go/client/client.go:972.16,974.3 1 0
github.com/ironcore-dev/dpservice-go/client/client.go:975.2,979.36 2 1
github.com/ironcore-dev/dpservice-go/client/client.go:979.36,981.3 1 0
github.com/ironcore-dev/dpservice-go/client/client.go:982.2,983.28 2 1
github.com/ironcore-dev/dpservice-go/client/client.go:986.103,988.16 2 1
github.com/ironcore-dev/dpservice-go/client/client.go:988.16,990.3 1 0
github.com/ironcore-dev/dpservice-go/client/client.go:991.2,995.36 2 1
github.com/ironcore-dev/dpservice-go/client/client.go:995.36,997.3 1 0
github.com/ironcore-dev/dpservice-go/client/client.go:998.2,999.21 2 1
github.com/ironcore-dev/dpservice-go/client/client.go:1002.118,1007.16 2 1
github.com/ironcore-dev/dpservice-go/client/client.go:1007.16,1009.3 1 0
github.com/ironcore-dev/dpservice-go/client/client.go:1010.2,1015.36 2 1
github.com/ironcore-dev/dpservice-go/client/client.go:1015.36,1017.3 1 0
github.com/ironcore-dev/dpservice-go/client/client.go:1018.2,1019.20 2 1
github.com/ironcore-dev/dpservice-go/client/client.go:1022.120,1027.16 2 1
github.com/ironcore-dev/dpservice-go/client/client.go:1027.16,1029.3 1 0
github.com/ironcore-dev/dpservice-go/client/client.go:1030.2,1035.36 2 1
github.com/ironcore-dev/dpservice-go/client/client.go:1035.36,1037.3 1 0
github.com/ironcore-dev/dpservice-go/client/client.go:1038.2,1038.20 1 1
github.com/ironcore-dev/dpservice-go/client/client.go:1041.121,1048.16 3 1
github.com/ironcore-dev/dpservice-go/client/client.go:1048.16,1050.3 1 0
github.com/ironcore-dev/dpservice-go/client/client.go:1051.2,1052.36 2 1
github.com/ironcore-dev/dpservice-go/client/client.go:1052.36,1054.3 1 0
github.com/ironcore-dev/dpservice-go/client/client.go:1055.2,1057.21 3 1
github.com/ironcore-dev/dpservice-go/client/client.go:1060.133,1063.48 2 1
github.com/ironcore-dev/dpservice-go/client/client.go:1063.48,1067.17 3 1
github.com/ironcore-dev/dpservice-go/client/client.go:1067.17,1069.12 2 0
github.com/ironcore-dev/dpservice-go/client/client.go:1072.3,1074.17 3 1
github.com/ironcore-dev/dpservice-go/client/client.go:1074.17,1076.12 2 0
github.com/ironcore-dev/dpservice-go/client/client.go:1079.3,1079.50 1 1
github.com/ironcore-dev/dpservice-go/client/client.go:1082.2,1091.16 2 1
github.com/ironcore-dev/dpservice-go/client/client.go:1091.16,1093.3 1 1
github.com/ironcore-dev/dpservice-go/client/client.go:1094.2,1095.36 2 0
github.com/ironcore-dev/dpservice-go/client/client.go:1095.36,1097.3 1 0
github.com/ironcore-dev/dpservice-go/client/client.go:1099.2,1099.21 1 0
github.com/ironcore-dev/dpservice-go/client/client.go:1102.104,1104.16 2 1
github.com/ironcore-dev/dpservice-go/client/client.go:1104.16,1106.3 1 0
github.com/ironcore-dev/dpservice-go/client/client.go:1107.2,1107.36 1 1
github.com/ironcore-dev/dpservice-go/client/client.go:1107.36,1109.3 1 1
github.com/ironcore-dev/dpservice-go/client/client.go:1111.2,1118.21 2 0
github.com/ironcore-dev/dpservice-go/client/client.go:1121.108,1123.16 2 1
github.com/ironcore-dev/dpservice-go/client/client.go:1123.16,1125.3 1 0
github.com/ironcore-dev/dpservice-go/client/client.go:1126.2,1126.36 1 1
github.com/ironcore-dev/dpservice-go/client/client.go:1126.36,1128.3 1 0
github.com/ironcore-dev/dpservice-go/client/client.go:1130.2,1130.19 1 1
github.com/ironcore-dev/dpservice-go/client/client.go:1130.19,1138.3 2 1
github.com/ironcore-dev/dpservice-go/client/client.go:1140.2,1141.57 2 0
github.com/ironcore-dev/dpservice-go/client/client.go:1141.57,1143.17 2 0
github.com/ironcore-dev/dpservice-go/client/client.go:1143.17,1145.4 1 0
github.com/ironcore-dev/dpservice-go/client/client.go:1146.3,1147.17 2 0
github.com/ironcore-dev/dpservice-go/client/client.go:1147.17,1149.4 1 0
github.com/ironcore-dev/dpservice-go/client/client.go:1152.2,1153.16 2 0
github.com/ironcore-dev/dpservice-go/client/client.go:1153.16,1155.3 1 0
github.com/ironcore-dev/dpservice-go/client/client.go:1157.2,1170.21 2 0
